apps/mobile/modules/finance-notification-listener/android/build/intermediates/manifest_merge_blame_file/debug/processDebugManifest/manifest-merger-blame-debug-report.txt
1<?xml version="1.0" encoding="utf-8"?>
2<manifest xmlns:android="http://schemas.android.com/apk/res/android"
3    package="com.financeplatform.notifications" >
4
5    <uses-sdk android:minSdkVersion="24" />
6
7    <uses-permission android:name="android.permission.POST_NOTIFICATIONS" />
7-->src/main/AndroidManifest.xml:2:3-75
7-->src/main/AndroidManifest.xml:2:20-72
8
9    <application>
9-->src/main/AndroidManifest.xml:4:3-18:17
10        <receiver
10-->src/main/AndroidManifest.xml:5:5-7:34
11            android:name="com.financeplatform.notifications.FinanceNotificationActionReceiver"
11-->src/main/AndroidManifest.xml:6:7-56
12            android:exported="false" />
12-->src/main/AndroidManifest.xml:7:7-31
13
14        <service
14-->src/main/AndroidManifest.xml:9:5-17:15
15            android:name="com.financeplatform.notifications.FinanceNotificationListenerService"
15-->src/main/AndroidManifest.xml:10:7-57
16            android:exported="true"
16-->src/main/AndroidManifest.xml:11:7-30
17            android:label="Finance Tracker Notification Listener"
17-->src/main/AndroidManifest.xml:12:7-60
18            android:permission="android.permission.BIND_NOTIFICATION_LISTENER_SERVICE" >
18-->src/main/AndroidManifest.xml:13:7-81
19            <intent-filter>
19-->src/main/AndroidManifest.xml:14:7-16:23
20                <action android:name="android.service.notification.NotificationListenerService" />
20-->src/main/AndroidManifest.xml:15:9-91
20-->src/main/AndroidManifest.xml:15:17-88
21            </intent-filter>
22        </service>
23    </application>
24
25</manifest>